
**********************

Job fetching process started at:  2024-11-03T18:00:04.064Z

-----------------------


-----------------------

Fetching jobs...
Error fetching apply url: undefined
Error fetching apply url: undefined
Error fetching apply url: undefined
Error fetching apply url: undefined
Error fetching apply url: undefined
Error fetching apply url: undefined
Error fetching apply url: undefined
Error fetching apply url: undefined
Error fetching apply url: undefined
Error fetching apply url: undefined
Error fetching apply url: undefined
Error fetching apply url: undefined
Error fetching apply url: undefined
Error fetching apply url: undefined
Error fetching apply url: undefined
Error fetching apply url: undefined
Error fetching apply url: undefined
Error fetching apply url: undefined
Error fetching apply url: undefined
Error fetching apply url: undefined
Error fetching apply url: undefined
Error fetching apply url: undefined
Flagging jobs availability...
Jobs availability updated.

**********************

Job fetching process completed at:  2024-11-03T18:00:26.379Z
Job fetching process took:  0.3719166666666667  minutes
Requests count:  26
Skipped jobs count:  1725
Created jobs count:  0
Jobs currently in database:  2095
Open jobs count:  2095
Closed jobs count:  0

-----------------------

